  正在验证源
  正在将源远程复制到“192.168.2.162”
  正在验证体系结构
  正在验证体系结构
  正在启动远程生成
  正在编译源:
  VideoTransCode.c
D:\KiloViewWork\kiloview\FFmpegDemo\include\libavutil\common.h(161,31): warning : conversion to ‘uint8_t {aka unsigned char}’ from ‘int’ may alter its value [-Wconversion]
D:\KiloViewWork\kiloview\FFmpegDemo\include\libavutil\common.h(161,31): warning :      if (a&(~0xFF)) return (~a)>>31;
D:\KiloViewWork\kiloview\FFmpegDemo\include\libavutil\common.h(161,31): warning :                            ~~~~^~~~
D:\KiloViewWork\kiloview\FFmpegDemo\include\libavutil\common.h(162,27): warning : conversion to ‘uint8_t {aka unsigned char}’ from ‘int’ may alter its value [-Wconversion]
D:\KiloViewWork\kiloview\FFmpegDemo\include\libavutil\common.h(162,27): warning :      else           return a;
D:\KiloViewWork\kiloview\FFmpegDemo\include\libavutil\common.h(162,27): warning :                            ^
D:\KiloViewWork\kiloview\FFmpegDemo\include\libavutil\common.h(172,11): warning : conversion to ‘unsigned int’ from ‘int’ may change the sign of the result [-Wsign-conversion]
D:\KiloViewWork\kiloview\FFmpegDemo\include\libavutil\common.h(172,11): warning :      if ((a+0x80U) & ~0xFF) return (a>>31) ^ 0x7F;
D:\KiloViewWork\kiloview\FFmpegDemo\include\libavutil\common.h(172,11): warning :            ^
D:\KiloViewWork\kiloview\FFmpegDemo\include\libavutil\common.h(172,19): warning : negative integer implicitly converted to unsigned type [-Wsign-conversion]
D:\KiloViewWork\kiloview\FFmpegDemo\include\libavutil\common.h(172,19): warning :      if ((a+0x80U) & ~0xFF) return (a>>31) ^ 0x7F;
D:\KiloViewWork\kiloview\FFmpegDemo\include\libavutil\common.h(172,19): warning :                    ^
D:\KiloViewWork\kiloview\FFmpegDemo\include\libavutil\common.h(172,43): warning : conversion to ‘int8_t {aka signed char}’ from ‘int’ may alter its value [-Wconversion]
D:\KiloViewWork\kiloview\FFmpegDemo\include\libavutil\common.h(172,43): warning :      if ((a+0x80U) & ~0xFF) return (a>>31) ^ 0x7F;
D:\KiloViewWork\kiloview\FFmpegDemo\include\libavutil\common.h(172,43): warning :                                    ~~~~~~~~^~~~~~
D:\KiloViewWork\kiloview\FFmpegDemo\include\libavutil\common.h(173,34): warning : conversion to ‘int8_t {aka signed char}’ from ‘int’ may alter its value [-Wconversion]
D:\KiloViewWork\kiloview\FFmpegDemo\include\libavutil\common.h(173,34): warning :      else                  return a;
D:\KiloViewWork\kiloview\FFmpegDemo\include\libavutil\common.h(173,34): warning :                                   ^
D:\KiloViewWork\kiloview\FFmpegDemo\include\libavutil\common.h(183,33): warning : conversion to ‘uint16_t {aka short unsigned int}’ from ‘int’ may alter its value [-Wconversion]
D:\KiloViewWork\kiloview\FFmpegDemo\include\libavutil\common.h(183,33): warning :      if (a&(~0xFFFF)) return (~a)>>31;
D:\KiloViewWork\kiloview\FFmpegDemo\include\libavutil\common.h(183,33): warning :                              ~~~~^~~~
D:\KiloViewWork\kiloview\FFmpegDemo\include\libavutil\common.h(184,29): warning : conversion to ‘uint16_t {aka short unsigned int}’ from ‘int’ may alter its value [-Wconversion]
D:\KiloViewWork\kiloview\FFmpegDemo\include\libavutil\common.h(184,29): warning :      else             return a;
D:\KiloViewWork\kiloview\FFmpegDemo\include\libavutil\common.h(184,29): warning :                              ^
D:\KiloViewWork\kiloview\FFmpegDemo\include\libavutil\common.h(194,11): warning : conversion to ‘unsigned int’ from ‘int’ may change the sign of the result [-Wsign-conversion]
D:\KiloViewWork\kiloview\FFmpegDemo\include\libavutil\common.h(194,11): warning :      if ((a+0x8000U) & ~0xFFFF) return (a>>31) ^ 0x7FFF;
D:\KiloViewWork\kiloview\FFmpegDemo\include\libavutil\common.h(194,11): warning :            ^
D:\KiloViewWork\kiloview\FFmpegDemo\include\libavutil\common.h(194,21): warning : negative integer implicitly converted to unsigned type [-Wsign-conversion]
D:\KiloViewWork\kiloview\FFmpegDemo\include\libavutil\common.h(194,21): warning :      if ((a+0x8000U) & ~0xFFFF) return (a>>31) ^ 0x7FFF;
D:\KiloViewWork\kiloview\FFmpegDemo\include\libavutil\common.h(194,21): warning :                      ^
D:\KiloViewWork\kiloview\FFmpegDemo\include\libavutil\common.h(194,47): warning : conversion to ‘int16_t {aka short int}’ from ‘int’ may alter its value [-Wconversion]
D:\KiloViewWork\kiloview\FFmpegDemo\include\libavutil\common.h(194,47): warning :      if ((a+0x8000U) & ~0xFFFF) return (a>>31) ^ 0x7FFF;
D:\KiloViewWork\kiloview\FFmpegDemo\include\libavutil\common.h(194,47): warning :                                        ~~~~~~~~^~~~~~~~
D:\KiloViewWork\kiloview\FFmpegDemo\include\libavutil\common.h(195,38): warning : conversion to ‘int16_t {aka short int}’ from ‘int’ may alter its value [-Wconversion]
D:\KiloViewWork\kiloview\FFmpegDemo\include\libavutil\common.h(195,38): warning :      else                      return a;
D:\KiloViewWork\kiloview\FFmpegDemo\include\libavutil\common.h(195,38): warning :                                       ^
D:\KiloViewWork\kiloview\FFmpegDemo\include\libavutil\common.h(205,25): warning : conversion to ‘long unsigned int’ from ‘int64_t {aka long int}’ may change the sign of the result [-Wsign-conversion]
D:\KiloViewWork\kiloview\FFmpegDemo\include\libavutil\common.h(205,25): warning :      if ((a+0x80000000u) & ~UINT64_C(0xFFFFFFFF)) return (int32_t)((a>>63) ^ 0x7FFFFFFF);
D:\KiloViewWork\kiloview\FFmpegDemo\include\libavutil\common.h(205,25): warning :                          ^
D:\KiloViewWork\kiloview\FFmpegDemo\include\libavutil\common.h(217,22): warning : conversion to ‘unsigned int’ from ‘int’ may change the sign of the result [-Wsign-conversion]
D:\KiloViewWork\kiloview\FFmpegDemo\include\libavutil\common.h(217,22): warning :      if (((unsigned)a + (1 << p)) & ~((2 << p) - 1))
D:\KiloViewWork\kiloview\FFmpegDemo\include\libavutil\common.h(217,22): warning :                       ^
D:\KiloViewWork\kiloview\FFmpegDemo\include\libavutil\common.h(217,34): warning : conversion to ‘unsigned int’ from ‘int’ may change the sign of the result [-Wsign-conversion]
D:\KiloViewWork\kiloview\FFmpegDemo\include\libavutil\common.h(217,34): warning :      if (((unsigned)a + (1 << p)) & ~((2 << p) - 1))
D:\KiloViewWork\kiloview\FFmpegDemo\include\libavutil\common.h(217,34): warning :                                   ^
D:\KiloViewWork\kiloview\FFmpegDemo\include\libavutil\common.h(231,46): warning : conversion to ‘unsigned int’ from ‘int’ may change the sign of the result [-Wsign-conversion]
D:\KiloViewWork\kiloview\FFmpegDemo\include\libavutil\common.h(231,46): warning :      if (a & ~((1<<p) - 1)) return (~a) >> 31 & ((1<<p) - 1);
D:\KiloViewWork\kiloview\FFmpegDemo\include\libavutil\common.h(231,46): warning :                                    ~~~~~~~~~~~^~~~~~~~~~~~~~
D:\KiloViewWork\kiloview\FFmpegDemo\include\libavutil\common.h(232,36): warning : conversion to ‘unsigned int’ from ‘int’ may change the sign of the result [-Wsign-conversion]
D:\KiloViewWork\kiloview\FFmpegDemo\include\libavutil\common.h(232,36): warning :      else                   return  a;
D:\KiloViewWork\kiloview\FFmpegDemo\include\libavutil\common.h(232,36): warning :                                     ^
D:\KiloViewWork\kiloview\FFmpegDemo\include\libavutil\common.h(334,20): warning : conversion to ‘unsigned int’ from ‘int’ may change the sign of the result [-Wsign-conversion]
D:\KiloViewWork\kiloview\FFmpegDemo\include\libavutil\common.h(334,20): warning :      return av_log2((x - 1) << 1);
D:\KiloViewWork\kiloview\FFmpegDemo\include\libavutil\common.h(334,20): warning :                     ^
D:\KiloViewWork\kiloview\FFmpegDemo\include\libavutil\timestamp.h(68,88): warning : conversion to ‘double’ from ‘int64_t {aka long int}’ may alter its value [-Wconversion]
D:\KiloViewWork\kiloview\FFmpegDemo\include\libavutil\timestamp.h(68,88): warning :      else                      snprintf(buf, AV_TS_MAX_STRING_SIZE, "%.6g", av_q2d(*tb) * ts);
D:\KiloViewWork\kiloview\FFmpegDemo\include\libavutil\timestamp.h(68,88): warning :                                                                                         ^
  正在链接对象
  FFmpegDemo.vcxproj -> D:\KiloViewWork\kiloview\FFmpegDemo\bin\x64\Debug\FFmpegDemo.out
